<?xml version="1.0" encoding="UTF-8"?>
<!-- Generated by org.testng.reporters.JUnitReportReporter -->
<testsuite skipped="0" hostname="DESKTOP-8IGUF9C" name="com.sapiensacademytest.testcompras.CasosCarrito" tests="3" failures="0" timestamp="27 Aug 2021 01:55:38 GMT" time="6.976" errors="0">
  <testcase name="anadirProductosAlCarrito" time="5.997" classname="com.sapiensacademytest.testcompras.CasosCarrito"/>
  <testcase name="verificarProductos" time="0.904" classname="com.sapiensacademytest.testcompras.CasosCarrito"/>
  <testcase name="elegirArticulosAzarCarritoDeCompras" time="0.075" classname="com.sapiensacademytest.testcompras.CasosCarrito"/>
</testsuite> <!-- com.sapiensacademytest.testcompras.CasosCarrito -->
