<?xml version="1.0" encoding="UTF-8"?>
<!-- Generated by org.testng.reporters.JUnitReportReporter -->
<testsuite skipped="0" hostname="DESKTOP-8IGUF9C" name="com.sapiensacademytest.testcompras.CasosCarrito" tests="3" failures="0" timestamp="27 Aug 2021 00:53:48 GMT" time="5.984" errors="0">
  <testcase name="elegirArticulosAzarCarritoDeCompras" time="0.108" classname="com.sapiensacademytest.testcompras.CasosCarrito"/>
  <testcase name="verificarProductos" time="0.943" classname="com.sapiensacademytest.testcompras.CasosCarrito"/>
  <testcase name="anadirProductosAlCarrito" time="4.933" classname="com.sapiensacademytest.testcompras.CasosCarrito"/>
</testsuite> <!-- com.sapiensacademytest.testcompras.CasosCarrito -->
