<?xml version="1.0" encoding="UTF-8"?>
<!-- Generated by org.testng.reporters.JUnitReportReporter -->
<testsuite skipped="0" hostname="DESKTOP-8IGUF9C" name="com.sapiensacademytest.testcompras.CasosCarrito" tests="3" failures="0" timestamp="31 Aug 2021 00:28:54 GMT" time="23.011" errors="0">
  <testcase name="anadirProductosAlCarrito" time="22.219" classname="com.sapiensacademytest.testcompras.CasosCarrito"/>
  <testcase name="verificarProductos" time="0.422" classname="com.sapiensacademytest.testcompras.CasosCarrito"/>
  <testcase name="elegirArticulosAzarCarritoDeCompras" time="0.370" classname="com.sapiensacademytest.testcompras.CasosCarrito"/>
</testsuite> <!-- com.sapiensacademytest.testcompras.CasosCarrito -->
