<?xml version="1.0" encoding="UTF-8"?>
<!-- Generated by org.testng.reporters.JUnitReportReporter -->
<testsuite skipped="0" hostname="DESKTOP-8IGUF9C" name="com.sapiensacademytest.testcompras.CasosCarrito" tests="3" failures="0" timestamp="26 Aug 2021 01:32:07 GMT" time="7.255" errors="0">
  <testcase name="anadirProductosAlCarrito" time="6.241" classname="com.sapiensacademytest.testcompras.CasosCarrito"/>
  <testcase name="elegirArticulosAzarCarritoDeCompras" time="0.096" classname="com.sapiensacademytest.testcompras.CasosCarrito"/>
  <testcase name="verificarProductos" time="0.918" classname="com.sapiensacademytest.testcompras.CasosCarrito"/>
</testsuite> <!-- com.sapiensacademytest.testcompras.CasosCarrito -->
