<?xml version="1.0" encoding="UTF-8"?>
<!-- Generated by org.testng.reporters.JUnitReportReporter -->
<testsuite skipped="0" hostname="DESKTOP-8IGUF9C" name="com.sapiensacademytest.testcompras.CasosCarrito" tests="3" failures="0" timestamp="26 Aug 2021 02:08:09 GMT" time="6.594" errors="0">
  <testcase name="elegirArticulosAzarCarritoDeCompras" time="0.101" classname="com.sapiensacademytest.testcompras.CasosCarrito"/>
  <testcase name="verificarProductos" time="0.903" classname="com.sapiensacademytest.testcompras.CasosCarrito"/>
  <testcase name="anadirProductosAlCarrito" time="5.590" classname="com.sapiensacademytest.testcompras.CasosCarrito"/>
</testsuite> <!-- com.sapiensacademytest.testcompras.CasosCarrito -->
